mode: set
CoinTransfer/server.go:13.63,22.2 2 0
CoinTransfer/server.go:24.54,26.2 1 0
CoinTransfer/internal/handler/auth.go:10.40,13.43 2 0
CoinTransfer/internal/handler/auth.go:13.43,16.3 2 0
CoinTransfer/internal/handler/auth.go:17.2,18.16 2 0
CoinTransfer/internal/handler/auth.go:18.16,21.3 2 0
CoinTransfer/internal/handler/auth.go:22.2,24.4 1 0
CoinTransfer/internal/handler/buyItem.go:9.43,11.16 2 0
CoinTransfer/internal/handler/buyItem.go:11.16,14.3 2 0
CoinTransfer/internal/handler/buyItem.go:16.2,19.16 3 0
CoinTransfer/internal/handler/buyItem.go:19.16,22.3 2 0
CoinTransfer/internal/handler/buyItem.go:24.2,27.4 1 0
CoinTransfer/internal/handler/handler.go:15.54,17.2 1 0
CoinTransfer/internal/handler/handler.go:19.44,23.2 3 0
CoinTransfer/internal/handler/handler.go:23.2,27.3 3 0
CoinTransfer/internal/handler/handler.go:27.3,31.4 3 0
CoinTransfer/internal/handler/handler.go:33.2,33.15 1 0
CoinTransfer/internal/handler/handler.go:36.56,38.13 2 0
CoinTransfer/internal/handler/handler.go:38.13,40.3 1 0
CoinTransfer/internal/handler/handler.go:42.2,43.9 2 0
CoinTransfer/internal/handler/handler.go:43.9,45.3 1 0
CoinTransfer/internal/handler/handler.go:47.2,47.16 1 0
CoinTransfer/internal/handler/info.go:10.43,12.16 2 0
CoinTransfer/internal/handler/info.go:12.16,15.3 2 0
CoinTransfer/internal/handler/info.go:17.2,18.16 2 0
CoinTransfer/internal/handler/info.go:18.16,22.3 3 0
CoinTransfer/internal/handler/info.go:24.2,24.29 1 0
CoinTransfer/internal/handler/response.go:10.71,16.2 2 0
CoinTransfer/internal/handler/transfer.go:10.44,12.16 2 0
CoinTransfer/internal/handler/transfer.go:12.16,15.3 2 0
CoinTransfer/internal/handler/transfer.go:17.2,18.43 2 0
CoinTransfer/internal/handler/transfer.go:18.43,21.3 2 0
CoinTransfer/internal/handler/transfer.go:23.2,24.16 2 0
CoinTransfer/internal/handler/transfer.go:24.16,27.3 2 0
CoinTransfer/internal/handler/transfer.go:29.2,29.68 1 0
CoinTransfer/internal/repository/auth_postgres.go:14.49,16.2 1 0
CoinTransfer/internal/repository/auth_postgres.go:18.59,22.2 3 0
CoinTransfer/internal/repository/auth_postgres.go:24.80,29.2 4 0
CoinTransfer/internal/repository/buyItem_postgres.go:14.55,16.2 1 0
CoinTransfer/internal/repository/buyItem_postgres.go:18.73,21.16 3 0
CoinTransfer/internal/repository/buyItem_postgres.go:21.16,23.3 1 0
CoinTransfer/internal/repository/buyItem_postgres.go:24.2,24.18 1 0
CoinTransfer/internal/repository/buyItem_postgres.go:27.63,31.16 4 0
CoinTransfer/internal/repository/buyItem_postgres.go:31.16,33.3 1 0
CoinTransfer/internal/repository/buyItem_postgres.go:34.2,34.21 1 0
CoinTransfer/internal/repository/buyItem_postgres.go:37.77,45.16 3 0
CoinTransfer/internal/repository/buyItem_postgres.go:45.16,47.3 1 0
CoinTransfer/internal/repository/buyItem_postgres.go:48.2,48.12 1 0
CoinTransfer/internal/repository/buyItem_postgres.go:51.69,53.16 2 0
CoinTransfer/internal/repository/buyItem_postgres.go:53.16,55.3 1 0
CoinTransfer/internal/repository/buyItem_postgres.go:57.2,58.16 2 0
CoinTransfer/internal/repository/buyItem_postgres.go:58.16,61.3 2 0
CoinTransfer/internal/repository/buyItem_postgres.go:63.2,63.20 1 0
CoinTransfer/internal/repository/info_postgres.go:14.49,16.2 1 0
CoinTransfer/internal/repository/info_postgres.go:18.80,23.16 4 0
CoinTransfer/internal/repository/info_postgres.go:23.16,25.3 1 0
CoinTransfer/internal/repository/info_postgres.go:26.2,28.18 2 0
CoinTransfer/internal/repository/info_postgres.go:28.18,30.63 2 0
CoinTransfer/internal/repository/info_postgres.go:30.63,32.4 1 0
CoinTransfer/internal/repository/info_postgres.go:33.3,33.68 1 0
CoinTransfer/internal/repository/info_postgres.go:36.2,36.35 1 0
CoinTransfer/internal/repository/info_postgres.go:36.35,38.3 1 0
CoinTransfer/internal/repository/info_postgres.go:40.2,40.28 1 0
CoinTransfer/internal/repository/info_postgres.go:43.76,47.16 3 0
CoinTransfer/internal/repository/info_postgres.go:47.16,49.3 1 0
CoinTransfer/internal/repository/info_postgres.go:51.2,52.16 2 0
CoinTransfer/internal/repository/info_postgres.go:52.16,54.3 1 0
CoinTransfer/internal/repository/info_postgres.go:56.2,56.42 1 0
CoinTransfer/internal/repository/info_postgres.go:56.42,61.3 1 0
CoinTransfer/internal/repository/info_postgres.go:63.2,63.38 1 0
CoinTransfer/internal/repository/info_postgres.go:63.38,68.3 1 0
CoinTransfer/internal/repository/info_postgres.go:70.2,70.21 1 0
CoinTransfer/internal/repository/info_postgres.go:73.98,82.16 4 0
CoinTransfer/internal/repository/info_postgres.go:82.16,84.3 1 0
CoinTransfer/internal/repository/info_postgres.go:85.2,87.18 2 0
CoinTransfer/internal/repository/info_postgres.go:87.18,89.61 2 0
CoinTransfer/internal/repository/info_postgres.go:89.61,91.4 1 0
CoinTransfer/internal/repository/info_postgres.go:92.3,92.42 1 0
CoinTransfer/internal/repository/info_postgres.go:94.2,94.26 1 0
CoinTransfer/internal/repository/info_postgres.go:97.90,106.16 4 0
CoinTransfer/internal/repository/info_postgres.go:106.16,108.3 1 0
CoinTransfer/internal/repository/info_postgres.go:109.2,111.18 2 0
CoinTransfer/internal/repository/info_postgres.go:111.18,113.59 2 0
CoinTransfer/internal/repository/info_postgres.go:113.59,115.4 1 0
CoinTransfer/internal/repository/info_postgres.go:116.3,116.42 1 0
CoinTransfer/internal/repository/info_postgres.go:118.2,118.26 1 0
CoinTransfer/internal/repository/info_postgres.go:121.58,125.16 4 0
CoinTransfer/internal/repository/info_postgres.go:125.16,127.3 1 0
CoinTransfer/internal/repository/info_postgres.go:128.2,128.21 1 0
CoinTransfer/internal/repository/postgres.go:22.50,25.16 2 0
CoinTransfer/internal/repository/postgres.go:25.16,27.3 1 0
CoinTransfer/internal/repository/postgres.go:29.2,30.16 2 0
CoinTransfer/internal/repository/postgres.go:30.16,32.3 1 0
CoinTransfer/internal/repository/postgres.go:34.2,34.16 1 0
CoinTransfer/internal/repository/repository.go:41.45,48.2 1 0
CoinTransfer/internal/repository/transfer_postgres.go:13.57,15.2 1 0
CoinTransfer/internal/repository/transfer_postgres.go:17.78,21.16 4 0
CoinTransfer/internal/repository/transfer_postgres.go:21.16,23.3 1 0
CoinTransfer/internal/repository/transfer_postgres.go:24.2,24.20 1 0
CoinTransfer/internal/repository/transfer_postgres.go:27.68,31.16 4 0
CoinTransfer/internal/repository/transfer_postgres.go:31.16,33.3 1 0
CoinTransfer/internal/repository/transfer_postgres.go:34.2,34.21 1 0
CoinTransfer/internal/repository/transfer_postgres.go:37.83,39.16 2 0
CoinTransfer/internal/repository/transfer_postgres.go:39.16,41.3 1 0
CoinTransfer/internal/repository/transfer_postgres.go:43.2,44.16 2 0
CoinTransfer/internal/repository/transfer_postgres.go:44.16,47.3 2 0
CoinTransfer/internal/repository/transfer_postgres.go:49.2,50.16 2 0
CoinTransfer/internal/repository/transfer_postgres.go:50.16,53.3 2 0
CoinTransfer/internal/repository/transfer_postgres.go:55.2,55.20 1 0
CoinTransfer/internal/repository/transfer_postgres.go:58.81,63.16 2 0
CoinTransfer/internal/repository/transfer_postgres.go:63.16,65.3 1 0
CoinTransfer/internal/repository/transfer_postgres.go:66.2,66.12 1 0
CoinTransfer/cmd/app/main.go:17.13,20.37 2 0
CoinTransfer/cmd/app/main.go:20.37,22.3 1 0
CoinTransfer/cmd/app/main.go:24.2,24.40 1 0
CoinTransfer/cmd/app/main.go:24.40,26.3 1 0
CoinTransfer/cmd/app/main.go:28.2,36.16 2 0
CoinTransfer/cmd/app/main.go:36.16,38.3 1 0
CoinTransfer/cmd/app/main.go:40.2,45.80 5 0
CoinTransfer/cmd/app/main.go:45.80,47.3 1 0
CoinTransfer/cmd/app/main.go:50.25,54.2 3 0
CoinTransfer/internal/middleware/jwt.go:18.42,19.30 1 0
CoinTransfer/internal/middleware/jwt.go:19.30,21.23 2 0
CoinTransfer/internal/middleware/jwt.go:21.23,24.4 2 0
CoinTransfer/internal/middleware/jwt.go:26.3,27.56 2 0
CoinTransfer/internal/middleware/jwt.go:27.56,30.4 2 0
CoinTransfer/internal/middleware/jwt.go:32.3,34.17 3 0
CoinTransfer/internal/middleware/jwt.go:34.17,37.4 2 0
CoinTransfer/internal/middleware/jwt.go:39.3,40.11 2 0
CoinTransfer/internal/middleware/jwt.go:44.50,45.109 1 0
CoinTransfer/internal/middleware/jwt.go:45.109,46.58 1 0
CoinTransfer/internal/middleware/jwt.go:46.58,48.4 1 0
CoinTransfer/internal/middleware/jwt.go:49.3,49.46 1 0
CoinTransfer/internal/middleware/jwt.go:52.2,52.16 1 0
CoinTransfer/internal/middleware/jwt.go:52.16,54.3 1 0
CoinTransfer/internal/middleware/jwt.go:56.2,57.25 2 0
CoinTransfer/internal/middleware/jwt.go:57.25,59.3 1 0
CoinTransfer/internal/middleware/jwt.go:60.2,60.27 1 0
CoinTransfer/internal/services/auth.go:21.65,23.2 1 0
CoinTransfer/internal/services/auth.go:25.68,28.16 3 0
CoinTransfer/internal/services/auth.go:28.16,30.3 1 0
CoinTransfer/internal/services/auth.go:37.2,38.16 2 0
CoinTransfer/internal/services/auth.go:38.16,40.3 1 0
CoinTransfer/internal/services/auth.go:41.2,41.19 1 0
CoinTransfer/internal/services/auth.go:44.78,46.16 2 0
CoinTransfer/internal/services/auth.go:46.16,48.3 1 0
CoinTransfer/internal/services/auth.go:50.2,58.60 2 0
CoinTransfer/internal/services/auth.go:61.51,66.2 3 0
CoinTransfer/internal/services/buyitem.go:13.65,15.2 1 0
CoinTransfer/internal/services/buyitem.go:17.90,20.16 3 0
CoinTransfer/internal/services/buyitem.go:20.16,22.3 1 0
CoinTransfer/internal/services/buyitem.go:24.2,25.16 2 0
CoinTransfer/internal/services/buyitem.go:25.16,27.3 1 0
CoinTransfer/internal/services/buyitem.go:29.2,29.26 1 0
CoinTransfer/internal/services/buyitem.go:29.26,31.3 1 0
CoinTransfer/internal/services/buyitem.go:33.2,34.16 2 0
CoinTransfer/internal/services/buyitem.go:34.16,36.3 1 0
CoinTransfer/internal/services/buyitem.go:38.2,39.16 2 0
CoinTransfer/internal/services/buyitem.go:39.16,41.3 1 0
CoinTransfer/internal/services/buyitem.go:43.2,43.18 1 0
CoinTransfer/internal/services/info.go:12.56,14.2 1 0
CoinTransfer/internal/services/info.go:16.64,20.16 3 0
CoinTransfer/internal/services/info.go:20.16,22.3 1 0
CoinTransfer/internal/services/info.go:24.2,25.16 2 0
CoinTransfer/internal/services/info.go:25.16,27.3 1 0
CoinTransfer/internal/services/info.go:29.2,30.16 2 0
CoinTransfer/internal/services/info.go:30.16,32.3 1 0
CoinTransfer/internal/services/info.go:33.2,37.18 4 0
CoinTransfer/internal/services/service.go:32.56,39.2 1 0
CoinTransfer/internal/services/transfer.go:12.68,14.2 1 0
CoinTransfer/internal/services/transfer.go:16.86,19.16 2 0
CoinTransfer/internal/services/transfer.go:19.16,21.3 1 0
CoinTransfer/internal/services/transfer.go:23.2,24.16 2 0
CoinTransfer/internal/services/transfer.go:24.16,26.3 1 0
CoinTransfer/internal/services/transfer.go:28.2,28.22 1 0
CoinTransfer/internal/services/transfer.go:28.22,30.3 1 0
CoinTransfer/internal/services/transfer.go:32.2,33.16 2 0
CoinTransfer/internal/services/transfer.go:33.16,35.3 1 0
CoinTransfer/internal/services/transfer.go:37.2,38.16 2 0
CoinTransfer/internal/services/transfer.go:38.16,40.3 1 0
CoinTransfer/internal/services/transfer.go:42.2,42.12 1 0
CoinTransfer/mocks/merch.go:14.54,17.2 2 0
CoinTransfer/mocks/merch.go:19.76,22.2 2 0
CoinTransfer/mocks/merch.go:24.72,27.2 2 0
CoinTransfer/mocks/purchase.go:13.75,16.2 2 0
CoinTransfer/mocks/purchase.go:18.69,21.2 2 0
CoinTransfer/mocks/purchase.go:23.77,26.2 2 0
CoinTransfer/mocks/purchase.go:28.83,31.2 2 0
CoinTransfer/mocks/transaction.go:11.84,14.2 2 0
CoinTransfer/mocks/transaction.go:16.74,19.2 2 0
CoinTransfer/mocks/transaction.go:21.89,24.2 2 0
CoinTransfer/mocks/transaction.go:26.87,29.2 2 0
CoinTransfer/mocks/user.go:13.68,16.2 2 0
CoinTransfer/mocks/user.go:18.89,21.2 2 0
CoinTransfer/internal/repository/auth_postgres.go:14.49,16.2 1 1
CoinTransfer/internal/repository/auth_postgres.go:18.59,22.2 3 1
CoinTransfer/internal/repository/auth_postgres.go:24.80,29.2 4 1
CoinTransfer/internal/repository/buyItem_postgres.go:14.55,16.2 1 1
CoinTransfer/internal/repository/buyItem_postgres.go:18.73,21.16 3 1
CoinTransfer/internal/repository/buyItem_postgres.go:21.16,23.3 1 1
CoinTransfer/internal/repository/buyItem_postgres.go:24.2,24.18 1 1
CoinTransfer/internal/repository/buyItem_postgres.go:27.63,31.16 4 1
CoinTransfer/internal/repository/buyItem_postgres.go:31.16,33.3 1 1
CoinTransfer/internal/repository/buyItem_postgres.go:34.2,34.21 1 1
CoinTransfer/internal/repository/buyItem_postgres.go:37.77,45.16 3 1
CoinTransfer/internal/repository/buyItem_postgres.go:45.16,47.3 1 1
CoinTransfer/internal/repository/buyItem_postgres.go:48.2,48.12 1 1
CoinTransfer/internal/repository/buyItem_postgres.go:51.69,53.16 2 1
CoinTransfer/internal/repository/buyItem_postgres.go:53.16,55.3 1 1
CoinTransfer/internal/repository/buyItem_postgres.go:57.2,58.16 2 1
CoinTransfer/internal/repository/buyItem_postgres.go:58.16,61.3 2 1
CoinTransfer/internal/repository/buyItem_postgres.go:63.2,63.20 1 1
CoinTransfer/internal/repository/info_postgres.go:14.49,16.2 1 0
CoinTransfer/internal/repository/info_postgres.go:18.80,23.16 4 0
CoinTransfer/internal/repository/info_postgres.go:23.16,25.3 1 0
CoinTransfer/internal/repository/info_postgres.go:26.2,28.18 2 0
CoinTransfer/internal/repository/info_postgres.go:28.18,30.63 2 0
CoinTransfer/internal/repository/info_postgres.go:30.63,32.4 1 0
CoinTransfer/internal/repository/info_postgres.go:33.3,33.68 1 0
CoinTransfer/internal/repository/info_postgres.go:36.2,36.35 1 0
CoinTransfer/internal/repository/info_postgres.go:36.35,38.3 1 0
CoinTransfer/internal/repository/info_postgres.go:40.2,40.28 1 0
CoinTransfer/internal/repository/info_postgres.go:43.76,47.16 3 0
CoinTransfer/internal/repository/info_postgres.go:47.16,49.3 1 0
CoinTransfer/internal/repository/info_postgres.go:51.2,52.16 2 0
CoinTransfer/internal/repository/info_postgres.go:52.16,54.3 1 0
CoinTransfer/internal/repository/info_postgres.go:56.2,56.42 1 0
CoinTransfer/internal/repository/info_postgres.go:56.42,61.3 1 0
CoinTransfer/internal/repository/info_postgres.go:63.2,63.38 1 0
CoinTransfer/internal/repository/info_postgres.go:63.38,68.3 1 0
CoinTransfer/internal/repository/info_postgres.go:70.2,70.21 1 0
CoinTransfer/internal/repository/info_postgres.go:73.98,82.16 4 0
CoinTransfer/internal/repository/info_postgres.go:82.16,84.3 1 0
CoinTransfer/internal/repository/info_postgres.go:85.2,87.18 2 0
CoinTransfer/internal/repository/info_postgres.go:87.18,89.61 2 0
CoinTransfer/internal/repository/info_postgres.go:89.61,91.4 1 0
CoinTransfer/internal/repository/info_postgres.go:92.3,92.42 1 0
CoinTransfer/internal/repository/info_postgres.go:94.2,94.26 1 0
CoinTransfer/internal/repository/info_postgres.go:97.90,106.16 4 0
CoinTransfer/internal/repository/info_postgres.go:106.16,108.3 1 0
CoinTransfer/internal/repository/info_postgres.go:109.2,111.18 2 0
CoinTransfer/internal/repository/info_postgres.go:111.18,113.59 2 0
CoinTransfer/internal/repository/info_postgres.go:113.59,115.4 1 0
CoinTransfer/internal/repository/info_postgres.go:116.3,116.42 1 0
CoinTransfer/internal/repository/info_postgres.go:118.2,118.26 1 0
CoinTransfer/internal/repository/info_postgres.go:121.58,125.16 4 0
CoinTransfer/internal/repository/info_postgres.go:125.16,127.3 1 0
CoinTransfer/internal/repository/info_postgres.go:128.2,128.21 1 0
CoinTransfer/internal/repository/postgres.go:22.50,25.16 2 0
CoinTransfer/internal/repository/postgres.go:25.16,27.3 1 0
CoinTransfer/internal/repository/postgres.go:29.2,30.16 2 0
CoinTransfer/internal/repository/postgres.go:30.16,32.3 1 0
CoinTransfer/internal/repository/postgres.go:34.2,34.16 1 0
CoinTransfer/internal/repository/repository.go:41.45,48.2 1 0
CoinTransfer/internal/repository/transfer_postgres.go:13.57,15.2 1 0
CoinTransfer/internal/repository/transfer_postgres.go:17.78,21.16 4 0
CoinTransfer/internal/repository/transfer_postgres.go:21.16,23.3 1 0
CoinTransfer/internal/repository/transfer_postgres.go:24.2,24.20 1 0
CoinTransfer/internal/repository/transfer_postgres.go:27.68,31.16 4 0
CoinTransfer/internal/repository/transfer_postgres.go:31.16,33.3 1 0
CoinTransfer/internal/repository/transfer_postgres.go:34.2,34.21 1 0
CoinTransfer/internal/repository/transfer_postgres.go:37.83,39.16 2 0
CoinTransfer/internal/repository/transfer_postgres.go:39.16,41.3 1 0
CoinTransfer/internal/repository/transfer_postgres.go:43.2,44.16 2 0
CoinTransfer/internal/repository/transfer_postgres.go:44.16,47.3 2 0
CoinTransfer/internal/repository/transfer_postgres.go:49.2,50.16 2 0
CoinTransfer/internal/repository/transfer_postgres.go:50.16,53.3 2 0
CoinTransfer/internal/repository/transfer_postgres.go:55.2,55.20 1 0
CoinTransfer/internal/repository/transfer_postgres.go:58.81,63.16 2 0
CoinTransfer/internal/repository/transfer_postgres.go:63.16,65.3 1 0
CoinTransfer/internal/repository/transfer_postgres.go:66.2,66.12 1 0
CoinTransfer/internal/middleware/jwt.go:18.42,19.30 1 0
CoinTransfer/internal/middleware/jwt.go:19.30,21.23 2 0
CoinTransfer/internal/middleware/jwt.go:21.23,24.4 2 0
CoinTransfer/internal/middleware/jwt.go:26.3,27.56 2 0
CoinTransfer/internal/middleware/jwt.go:27.56,30.4 2 0
CoinTransfer/internal/middleware/jwt.go:32.3,34.17 3 0
CoinTransfer/internal/middleware/jwt.go:34.17,37.4 2 0
CoinTransfer/internal/middleware/jwt.go:39.3,40.11 2 0
CoinTransfer/internal/middleware/jwt.go:44.50,45.109 1 0
CoinTransfer/internal/middleware/jwt.go:45.109,46.58 1 0
CoinTransfer/internal/middleware/jwt.go:46.58,48.4 1 0
CoinTransfer/internal/middleware/jwt.go:49.3,49.46 1 0
CoinTransfer/internal/middleware/jwt.go:52.2,52.16 1 0
CoinTransfer/internal/middleware/jwt.go:52.16,54.3 1 0
CoinTransfer/internal/middleware/jwt.go:56.2,57.25 2 0
CoinTransfer/internal/middleware/jwt.go:57.25,59.3 1 0
CoinTransfer/internal/middleware/jwt.go:60.2,60.27 1 0
CoinTransfer/internal/repository/auth_postgres.go:14.49,16.2 1 0
CoinTransfer/internal/repository/auth_postgres.go:18.59,22.2 3 0
CoinTransfer/internal/repository/auth_postgres.go:24.80,29.2 4 0
CoinTransfer/internal/repository/buyItem_postgres.go:14.55,16.2 1 0
CoinTransfer/internal/repository/buyItem_postgres.go:18.73,21.16 3 0
CoinTransfer/internal/repository/buyItem_postgres.go:21.16,23.3 1 0
CoinTransfer/internal/repository/buyItem_postgres.go:24.2,24.18 1 0
CoinTransfer/internal/repository/buyItem_postgres.go:27.63,31.16 4 0
CoinTransfer/internal/repository/buyItem_postgres.go:31.16,33.3 1 0
CoinTransfer/internal/repository/buyItem_postgres.go:34.2,34.21 1 0
CoinTransfer/internal/repository/buyItem_postgres.go:37.77,45.16 3 0
CoinTransfer/internal/repository/buyItem_postgres.go:45.16,47.3 1 0
CoinTransfer/internal/repository/buyItem_postgres.go:48.2,48.12 1 0
CoinTransfer/internal/repository/buyItem_postgres.go:51.69,53.16 2 0
CoinTransfer/internal/repository/buyItem_postgres.go:53.16,55.3 1 0
CoinTransfer/internal/repository/buyItem_postgres.go:57.2,58.16 2 0
CoinTransfer/internal/repository/buyItem_postgres.go:58.16,61.3 2 0
CoinTransfer/internal/repository/buyItem_postgres.go:63.2,63.20 1 0
CoinTransfer/internal/repository/info_postgres.go:14.49,16.2 1 0
CoinTransfer/internal/repository/info_postgres.go:18.80,23.16 4 0
CoinTransfer/internal/repository/info_postgres.go:23.16,25.3 1 0
CoinTransfer/internal/repository/info_postgres.go:26.2,28.18 2 0
CoinTransfer/internal/repository/info_postgres.go:28.18,30.63 2 0
CoinTransfer/internal/repository/info_postgres.go:30.63,32.4 1 0
CoinTransfer/internal/repository/info_postgres.go:33.3,33.68 1 0
CoinTransfer/internal/repository/info_postgres.go:36.2,36.35 1 0
CoinTransfer/internal/repository/info_postgres.go:36.35,38.3 1 0
CoinTransfer/internal/repository/info_postgres.go:40.2,40.28 1 0
CoinTransfer/internal/repository/info_postgres.go:43.76,47.16 3 0
CoinTransfer/internal/repository/info_postgres.go:47.16,49.3 1 0
CoinTransfer/internal/repository/info_postgres.go:51.2,52.16 2 0
CoinTransfer/internal/repository/info_postgres.go:52.16,54.3 1 0
CoinTransfer/internal/repository/info_postgres.go:56.2,56.42 1 0
CoinTransfer/internal/repository/info_postgres.go:56.42,61.3 1 0
CoinTransfer/internal/repository/info_postgres.go:63.2,63.38 1 0
CoinTransfer/internal/repository/info_postgres.go:63.38,68.3 1 0
CoinTransfer/internal/repository/info_postgres.go:70.2,70.21 1 0
CoinTransfer/internal/repository/info_postgres.go:73.98,82.16 4 0
CoinTransfer/internal/repository/info_postgres.go:82.16,84.3 1 0
CoinTransfer/internal/repository/info_postgres.go:85.2,87.18 2 0
CoinTransfer/internal/repository/info_postgres.go:87.18,89.61 2 0
CoinTransfer/internal/repository/info_postgres.go:89.61,91.4 1 0
CoinTransfer/internal/repository/info_postgres.go:92.3,92.42 1 0
CoinTransfer/internal/repository/info_postgres.go:94.2,94.26 1 0
CoinTransfer/internal/repository/info_postgres.go:97.90,106.16 4 0
CoinTransfer/internal/repository/info_postgres.go:106.16,108.3 1 0
CoinTransfer/internal/repository/info_postgres.go:109.2,111.18 2 0
CoinTransfer/internal/repository/info_postgres.go:111.18,113.59 2 0
CoinTransfer/internal/repository/info_postgres.go:113.59,115.4 1 0
CoinTransfer/internal/repository/info_postgres.go:116.3,116.42 1 0
CoinTransfer/internal/repository/info_postgres.go:118.2,118.26 1 0
CoinTransfer/internal/repository/info_postgres.go:121.58,125.16 4 0
CoinTransfer/internal/repository/info_postgres.go:125.16,127.3 1 0
CoinTransfer/internal/repository/info_postgres.go:128.2,128.21 1 0
CoinTransfer/internal/repository/postgres.go:22.50,25.16 2 0
CoinTransfer/internal/repository/postgres.go:25.16,27.3 1 0
CoinTransfer/internal/repository/postgres.go:29.2,30.16 2 0
CoinTransfer/internal/repository/postgres.go:30.16,32.3 1 0
CoinTransfer/internal/repository/postgres.go:34.2,34.16 1 0
CoinTransfer/internal/repository/repository.go:41.45,48.2 1 0
CoinTransfer/internal/repository/transfer_postgres.go:13.57,15.2 1 0
CoinTransfer/internal/repository/transfer_postgres.go:17.78,21.16 4 0
CoinTransfer/internal/repository/transfer_postgres.go:21.16,23.3 1 0
CoinTransfer/internal/repository/transfer_postgres.go:24.2,24.20 1 0
CoinTransfer/internal/repository/transfer_postgres.go:27.68,31.16 4 0
CoinTransfer/internal/repository/transfer_postgres.go:31.16,33.3 1 0
CoinTransfer/internal/repository/transfer_postgres.go:34.2,34.21 1 0
CoinTransfer/internal/repository/transfer_postgres.go:37.83,39.16 2 0
CoinTransfer/internal/repository/transfer_postgres.go:39.16,41.3 1 0
CoinTransfer/internal/repository/transfer_postgres.go:43.2,44.16 2 0
CoinTransfer/internal/repository/transfer_postgres.go:44.16,47.3 2 0
CoinTransfer/internal/repository/transfer_postgres.go:49.2,50.16 2 0
CoinTransfer/internal/repository/transfer_postgres.go:50.16,53.3 2 0
CoinTransfer/internal/repository/transfer_postgres.go:55.2,55.20 1 0
CoinTransfer/internal/repository/transfer_postgres.go:58.81,63.16 2 0
CoinTransfer/internal/repository/transfer_postgres.go:63.16,65.3 1 0
CoinTransfer/internal/repository/transfer_postgres.go:66.2,66.12 1 0
CoinTransfer/internal/services/auth.go:21.65,23.2 1 1
CoinTransfer/internal/services/auth.go:25.68,28.16 3 1
CoinTransfer/internal/services/auth.go:28.16,30.3 1 1
CoinTransfer/internal/services/auth.go:37.2,38.16 2 1
CoinTransfer/internal/services/auth.go:38.16,40.3 1 1
CoinTransfer/internal/services/auth.go:41.2,41.19 1 1
CoinTransfer/internal/services/auth.go:44.78,46.16 2 1
CoinTransfer/internal/services/auth.go:46.16,48.3 1 1
CoinTransfer/internal/services/auth.go:50.2,58.60 2 1
CoinTransfer/internal/services/auth.go:61.51,66.2 3 1
CoinTransfer/internal/services/buyitem.go:13.65,15.2 1 1
CoinTransfer/internal/services/buyitem.go:17.90,20.16 3 1
CoinTransfer/internal/services/buyitem.go:20.16,22.3 1 1
CoinTransfer/internal/services/buyitem.go:24.2,25.16 2 1
CoinTransfer/internal/services/buyitem.go:25.16,27.3 1 1
CoinTransfer/internal/services/buyitem.go:29.2,29.26 1 1
CoinTransfer/internal/services/buyitem.go:29.26,31.3 1 1
CoinTransfer/internal/services/buyitem.go:33.2,34.16 2 1
CoinTransfer/internal/services/buyitem.go:34.16,36.3 1 1
CoinTransfer/internal/services/buyitem.go:38.2,39.16 2 1
CoinTransfer/internal/services/buyitem.go:39.16,41.3 1 1
CoinTransfer/internal/services/buyitem.go:43.2,43.18 1 1
CoinTransfer/internal/services/info.go:12.56,14.2 1 1
CoinTransfer/internal/services/info.go:16.64,20.16 3 1
CoinTransfer/internal/services/info.go:20.16,22.3 1 1
CoinTransfer/internal/services/info.go:24.2,25.16 2 1
CoinTransfer/internal/services/info.go:25.16,27.3 1 1
CoinTransfer/internal/services/info.go:29.2,30.16 2 1
CoinTransfer/internal/services/info.go:30.16,32.3 1 1
CoinTransfer/internal/services/info.go:33.2,37.18 4 1
CoinTransfer/internal/services/service.go:32.56,39.2 1 0
CoinTransfer/internal/services/transfer.go:12.68,14.2 1 1
CoinTransfer/internal/services/transfer.go:16.86,19.16 2 1
CoinTransfer/internal/services/transfer.go:19.16,21.3 1 1
CoinTransfer/internal/services/transfer.go:23.2,24.16 2 1
CoinTransfer/internal/services/transfer.go:24.16,26.3 1 1
CoinTransfer/internal/services/transfer.go:28.2,28.22 1 1
CoinTransfer/internal/services/transfer.go:28.22,30.3 1 1
CoinTransfer/internal/services/transfer.go:32.2,33.16 2 1
CoinTransfer/internal/services/transfer.go:33.16,35.3 1 1
CoinTransfer/internal/services/transfer.go:37.2,38.16 2 1
CoinTransfer/internal/services/transfer.go:38.16,40.3 1 1
CoinTransfer/internal/services/transfer.go:42.2,42.12 1 1
CoinTransfer/mocks/merch.go:14.54,17.2 2 1
CoinTransfer/mocks/merch.go:19.76,22.2 2 1
CoinTransfer/mocks/merch.go:24.72,27.2 2 1
CoinTransfer/mocks/purchase.go:13.75,16.2 2 1
CoinTransfer/mocks/purchase.go:18.69,21.2 2 1
CoinTransfer/mocks/purchase.go:23.77,26.2 2 1
CoinTransfer/mocks/purchase.go:28.83,31.2 2 1
CoinTransfer/mocks/transaction.go:11.84,14.2 2 1
CoinTransfer/mocks/transaction.go:16.74,19.2 2 1
CoinTransfer/mocks/transaction.go:21.89,24.2 2 1
CoinTransfer/mocks/transaction.go:26.87,29.2 2 1
CoinTransfer/mocks/user.go:13.68,16.2 2 1
CoinTransfer/mocks/user.go:18.89,21.2 2 1
